\BOOKMARK [1][-]{section*.1}{\376\377\000I\000n\000t\000r\000o\000d\000u\000c\000t\000i\000o\000n}{}% 1
\BOOKMARK [2][-]{section*.2}{\376\377\000S\000u\000m\000m\000a\000r\000y\000\040\000o\000f\000\040\000R\000e\000s\000u\000l\000t\000s}{section*.1}% 2
\BOOKMARK [1][-]{section*.4}{\376\377\000M\000e\000t\000h\000o\000d\000o\000l\000o\000g\000y}{}% 3
\BOOKMARK [2][-]{section*.5}{\376\377\000D\000a\000t\000a\000\040\000C\000l\000e\000a\000n\000i\000n\000g}{section*.4}% 4
\BOOKMARK [3][-]{section*.6}{\376\377\000M\000i\000s\000s\000i\000n\000g\000\040\000V\000a\000l\000u\000e\000s}{section*.5}% 5
\BOOKMARK [3][-]{section*.8}{\376\377\000F\000e\000a\000t\000u\000r\000e\000\040\000E\000n\000g\000i\000n\000e\000e\000r\000i\000n\000g}{section*.5}% 6
\BOOKMARK [3][-]{section*.9}{\376\377\000S\000k\000e\000w\000n\000e\000s\000s}{section*.5}% 7
\BOOKMARK [2][-]{section*.11}{\376\377\000C\000l\000u\000s\000t\000e\000r\000\040\000M\000o\000d\000e\000l\000i\000n\000g}{section*.4}% 8
\BOOKMARK [1][-]{section*.12}{\376\377\000R\000e\000s\000u\000l\000t}{}% 9
\BOOKMARK [1][-]{section*.17}{\376\377\000C\000o\000n\000c\000l\000u\000s\000i\000o\000n}{}% 10
\BOOKMARK [1][-]{section*.18}{\376\377\000A\000p\000p\000e\000n\000d\000i\000x\000\040\000-\000\040\000C\000o\000d\000e}{}% 11
\BOOKMARK [2][-]{section*.19}{\376\377\000D\000a\000t\000a\000\040\000C\000l\000e\000a\000n\000i\000n\000g}{section*.18}% 12
\BOOKMARK [3][-]{section*.20}{\376\377\000M\000i\000s\000s\000i\000n\000g\000\040\000D\000a\000t\000a}{section*.19}% 13
\BOOKMARK [3][-]{section*.21}{\376\377\000F\000e\000a\000t\000u\000r\000e\000\040\000E\000n\000g\000i\000n\000e\000e\000r\000i\000n\000g}{section*.19}% 14
\BOOKMARK [3][-]{section*.23}{\376\377\000S\000k\000e\000w\000n\000e\000s\000s}{section*.19}% 15
\BOOKMARK [2][-]{section*.24}{\376\377\000C\000l\000u\000s\000t\000e\000r\000i\000n\000g}{section*.18}% 16
\BOOKMARK [3][-]{section*.25}{\376\377\000C\000l\000u\000s\000t\000e\000r\000\040\0001\000\040\000c\000l\000e\000a\000n\000i\000n\000g}{section*.24}% 17
\BOOKMARK [2][-]{section*.26}{\376\377\000V\000i\000s\000u\000a\000l\000i\000z\000a\000t\000i\000o\000n\000s}{section*.18}% 18
\BOOKMARK [3][-]{section*.27}{\376\377\000F\000a\000c\000t\000o\000r\000\040\000P\000l\000o\000t\000s}{section*.26}% 19
\BOOKMARK [3][-]{section*.28}{\376\377\000N\000u\000m\000e\000r\000i\000c\000\040\000P\000l\000o\000t\000s}{section*.26}% 20
\BOOKMARK [3][-]{section*.29}{\376\377\000M\000a\000p\000\040\000P\000l\000o\000t}{section*.26}% 21
